make -C ./FALCON-make/ all
make[1]: Entering directory `/u/home/m/mdistler/FALCON-integrate/FALCON-make'
make show
make[2]: Entering directory `/u/home/m/mdistler/FALCON-integrate/FALCON-make'
mkdir -p /u/home/m/mdistler/FALCON-integrate/fc_env/bin
which python
/u/local/apps/python/2.7.13/bin/python
echo "PYTHONUSERBASE=/u/home/m/mdistler/FALCON-integrate/fc_env"
PYTHONUSERBASE=/u/home/m/mdistler/FALCON-integrate/fc_env
python -c 'import site; print site.USER_BASE'
/u/home/m/mdistler/FALCON-integrate/fc_env
echo "FALCON_PIP_EDIT=--edit"
FALCON_PIP_EDIT=--edit
echo "FALCON_PIP_USER=--user"
FALCON_PIP_USER=--user
make[2]: Leaving directory `/u/home/m/mdistler/FALCON-integrate/FALCON-make'
make install-pip
make[2]: Entering directory `/u/home/m/mdistler/FALCON-integrate/FALCON-make'
python -c 'import pip; print pip' || python get-pip.py --user
<module 'pip' from '/u/home/m/mdistler/FALCON-integrate/fc_env/lib/python2.7/site-packages/pip/__init__.pyc'>
pip install --user --upgrade pip
Requirement already up-to-date: pip in /u/home/m/mdistler/FALCON-integrate/fc_env/lib/python2.7/site-packages (20.0.2)
pip install --user --upgrade setuptools # needed when --edit is used
Requirement already up-to-date: setuptools in /u/home/m/mdistler/FALCON-integrate/fc_env/lib/python2.7/site-packages (44.1.0)
pip install --user nose pytest # for running tests while building
Requirement already satisfied: nose in /u/local/apps/python/2.7.13/lib/python2.7/site-packages (1.3.7)
Requirement already satisfied: pytest in /u/home/m/mdistler/FALCON-integrate/fc_env/lib/python2.7/site-packages (4.6.9)
Requirement already satisfied: wcwidth in /u/local/apps/python/2.7.13/lib/python2.7/site-packages (from pytest) (0.1.7)
Requirement already satisfied: py>=1.5.0 in /u/home/m/mdistler/FALCON-integrate/fc_env/lib/python2.7/site-packages (from pytest) (1.8.1)
Requirement already satisfied: funcsigs>=1.0; python_version < "3.0" in /u/home/m/mdistler/FALCON-integrate/fc_env/lib/python2.7/site-packages (from pytest) (1.0.2)
Requirement already satisfied: pathlib2>=2.2.0; python_version < "3.6" in /u/local/apps/python/2.7.13/lib/python2.7/site-packages (from pytest) (2.2.1)
Requirement already satisfied: pluggy<1.0,>=0.12 in /u/home/m/mdistler/FALCON-integrate/fc_env/lib/python2.7/site-packages (from pytest) (0.13.1)
Requirement already satisfied: packaging in /u/local/apps/python/2.7.13/lib/python2.7/site-packages (from pytest) (16.8)
Requirement already satisfied: atomicwrites>=1.0 in /u/home/m/mdistler/FALCON-integrate/fc_env/lib/python2.7/site-packages (from pytest) (1.3.0)
Requirement already satisfied: six>=1.10.0 in /u/local/apps/python/2.7.13/lib/python2.7/site-packages (from pytest) (1.10.0)
Requirement already satisfied: importlib-metadata>=0.12; python_version < "3.8" in /u/home/m/mdistler/FALCON-integrate/fc_env/lib/python2.7/site-packages (from pytest) (1.6.0)
Requirement already satisfied: more-itertools<6.0.0,>=4.0.0; python_version <= "2.7" in /u/home/m/mdistler/FALCON-integrate/fc_env/lib/python2.7/site-packages (from pytest) (5.0.0)
Requirement already satisfied: attrs>=17.4.0 in /u/home/m/mdistler/FALCON-integrate/fc_env/lib/python2.7/site-packages (from pytest) (19.3.0)
Requirement already satisfied: scandir; python_version < "3.5" in /u/local/apps/python/2.7.13/lib/python2.7/site-packages (from pathlib2>=2.2.0; python_version < "3.6"->pytest) (1.5)
Requirement already satisfied: pyparsing in /u/local/apps/python/2.7.13/lib/python2.7/site-packages (from packaging->pytest) (2.2.0)
Requirement already satisfied: configparser>=3.5; python_version < "3" in /u/local/apps/python/2.7.13/lib/python2.7/site-packages (from importlib-metadata>=0.12; python_version < "3.8"->pytest) (3.5.0)
Requirement already satisfied: zipp>=0.5 in /u/home/m/mdistler/FALCON-integrate/fc_env/lib/python2.7/site-packages (from importlib-metadata>=0.12; python_version < "3.8"->pytest) (1.2.0)
Requirement already satisfied: contextlib2; python_version < "3" in /u/home/m/mdistler/FALCON-integrate/fc_env/lib/python2.7/site-packages (from importlib-metadata>=0.12; python_version < "3.8"->pytest) (0.6.0.post1)
make[2]: Leaving directory `/u/home/m/mdistler/FALCON-integrate/FALCON-make'
make install # This will double -D_GNU_SOURCE, but that is ok for now.
make[2]: Entering directory `/u/home/m/mdistler/FALCON-integrate/FALCON-make'
make -C /u/home/m/mdistler/FALCON-integrate/DAZZ_DB all
make -C /u/home/m/mdistler/FALCON-integrate/DAMASKER all
make -C /u/home/m/mdistler/FALCON-integrate/DEXTRACTOR all
cd /u/home/m/mdistler/FALCON-integrate/pypeFLOW; pip uninstall -v .; pip install -v --user --edit .
# TODO: copy vs. symlink?
make -C /u/home/m/mdistler/FALCON-integrate/nim-falcon/src -j1 all
make: Entering an unknown directory
make: Leaving an unknown directory
ln -sf /u/home/m/mdistler/FALCON-integrate/git-sym/git-sym /u/home/m/mdistler/FALCON-integrate/fc_env/bin/git-sym
make[3]: Entering directory `/u/home/m/mdistler/FALCON-integrate/DEXTRACTOR'
make[3]: Nothing to be done for `all'.
make[3]: Leaving directory `/u/home/m/mdistler/FALCON-integrate/DEXTRACTOR'
PREFIX=/u/home/m/mdistler/FALCON-integrate/fc_env make -C /u/home/m/mdistler/FALCON-integrate/DEXTRACTOR symlink
make[3]: Entering directory `/u/home/m/mdistler/FALCON-integrate/DAMASKER'
make[3]: Nothing to be done for `all'.
make[3]: Leaving directory `/u/home/m/mdistler/FALCON-integrate/DAMASKER'
PREFIX=/u/home/m/mdistler/FALCON-integrate/fc_env make -C /u/home/m/mdistler/FALCON-integrate/DAMASKER symlink
make[3]: Entering directory `/u/home/m/mdistler/FALCON-integrate/DEXTRACTOR'
ln -sf /u/home/m/mdistler/FALCON-integrate/DEXTRACTOR/dexta /u/home/m/mdistler/FALCON-integrate/DEXTRACTOR/undexta /u/home/m/mdistler/FALCON-integrate/fc_env/bin
make[3]: Entering directory `/u/home/m/mdistler/FALCON-integrate/DAZZ_DB'
make[3]: Nothing to be done for `all'.
make[3]: Leaving directory `/u/home/m/mdistler/FALCON-integrate/DAZZ_DB'
PREFIX=/u/home/m/mdistler/FALCON-integrate/fc_env make -C /u/home/m/mdistler/FALCON-integrate/DAZZ_DB symlink
make[3]: Entering directory `/u/home/m/mdistler/FALCON-integrate/DAMASKER'
ln -sf /u/home/m/mdistler/FALCON-integrate/DAMASKER/datander /u/home/m/mdistler/FALCON-integrate/DAMASKER/TANmask /u/home/m/mdistler/FALCON-integrate/DAMASKER/REPmask /u/home/m/mdistler/FALCON-integrate/DAMASKER/HPC.TANmask /u/home/m/mdistler/FALCON-integrate/DAMASKER/HPC.REPmask /u/home/m/mdistler/FALCON-integrate/fc_env/bin
make[3]: Leaving directory `/u/home/m/mdistler/FALCON-integrate/DEXTRACTOR'
make[3]: Entering directory `/u/home/m/mdistler/FALCON-integrate/DAZZ_DB'
ln -sf /u/home/m/mdistler/FALCON-integrate/DAZZ_DB/fasta2DB /u/home/m/mdistler/FALCON-integrate/DAZZ_DB/DB2fasta /u/home/m/mdistler/FALCON-integrate/DAZZ_DB/DBsplit /u/home/m/mdistler/FALCON-integrate/DAZZ_DB/DBdust /u/home/m/mdistler/FALCON-integrate/DAZZ_DB/Catrack /u/home/m/mdistler/FALCON-integrate/DAZZ_DB/DBshow /u/home/m/mdistler/FALCON-integrate/DAZZ_DB/DBstats /u/home/m/mdistler/FALCON-integrate/DAZZ_DB/DBrm /u/home/m/mdistler/FALCON-integrate/DAZZ_DB/simulator /u/home/m/mdistler/FALCON-integrate/DAZZ_DB/fasta2DAM /u/home/m/mdistler/FALCON-integrate/DAZZ_DB/DAM2fasta /u/home/m/mdistler/FALCON-integrate/DAZZ_DB/DBdump /u/home/m/mdistler/FALCON-integrate/DAZZ_DB/rangen /u/home/m/mdistler/FALCON-integrate/fc_env/bin
make[3]: Leaving directory `/u/home/m/mdistler/FALCON-integrate/DAMASKER'
ln -sf /u/home/m/mdistler/FALCON-integrate/DAZZ_DB/libdazzdb.a /u/home/m/mdistler/FALCON-integrate/fc_env/lib
ln -sf /u/home/m/mdistler/FALCON-integrate/DAZZ_DB/DB.h /u/home/m/mdistler/FALCON-integrate/DAZZ_DB/QV.h /u/home/m/mdistler/FALCON-integrate/fc_env/include
make[3]: Leaving directory `/u/home/m/mdistler/FALCON-integrate/DAZZ_DB'
Exception information:
Traceback (most recent call last):
  File "/u/home/m/mdistler/FALCON-integrate/fc_env/lib/python2.7/site-packages/pip/_internal/cli/base_command.py", line 186, in _main
    status = self.run(options, args)
  File "/u/home/m/mdistler/FALCON-integrate/fc_env/lib/python2.7/site-packages/pip/_internal/commands/uninstall.py", line 56, in run
    name, isolated=options.isolated_mode,
  File "/u/home/m/mdistler/FALCON-integrate/fc_env/lib/python2.7/site-packages/pip/_internal/req/constructors.py", line 395, in install_req_from_line
    parts = parse_req_from_line(name, line_source)
  File "/u/home/m/mdistler/FALCON-integrate/fc_env/lib/python2.7/site-packages/pip/_internal/req/constructors.py", line 323, in parse_req_from_line
    url = _get_url_from_path(p, name)
  File "/u/home/m/mdistler/FALCON-integrate/fc_env/lib/python2.7/site-packages/pip/_internal/req/constructors.py", line 279, in _get_url_from_path
    "nor 'pyproject.toml' found." % name
InstallationError: Directory '.' is not installable. Neither 'setup.py' nor 'pyproject.toml' found.
User install by explicit request
Created temporary directory: /work/tmp/pip-ephem-wheel-cache-DYhGYC
Created temporary directory: /work/tmp/pip-req-tracker-2kO0Jy
Initialized build tracking at /work/tmp/pip-req-tracker-2kO0Jy
Created build tracker: /work/tmp/pip-req-tracker-2kO0Jy
Entered build tracker: /work/tmp/pip-req-tracker-2kO0Jy
Created temporary directory: /work/tmp/pip-install-bxp8UK
Cleaning up...
Removed build tracker: '/work/tmp/pip-req-tracker-2kO0Jy'
Exception information:
Traceback (most recent call last):
  File "/u/home/m/mdistler/FALCON-integrate/fc_env/lib/python2.7/site-packages/pip/_internal/cli/base_command.py", line 186, in _main
    status = self.run(options, args)
  File "/u/home/m/mdistler/FALCON-integrate/fc_env/lib/python2.7/site-packages/pip/_internal/commands/install.py", line 301, in run
    wheel_cache
  File "/u/home/m/mdistler/FALCON-integrate/fc_env/lib/python2.7/site-packages/pip/_internal/cli/req_command.py", line 259, in populate_requirement_set
    wheel_cache=wheel_cache
  File "/u/home/m/mdistler/FALCON-integrate/fc_env/lib/python2.7/site-packages/pip/_internal/req/constructors.py", line 227, in install_req_from_editable
    parts = parse_req_from_editable(editable_req)
  File "/u/home/m/mdistler/FALCON-integrate/fc_env/lib/python2.7/site-packages/pip/_internal/req/constructors.py", line 198, in parse_req_from_editable
    name, url, extras_override = parse_editable(editable_req)
  File "/u/home/m/mdistler/FALCON-integrate/fc_env/lib/python2.7/site-packages/pip/_internal/req/constructors.py", line 109, in parse_editable
    raise InstallationError(msg)
InstallationError: File "setup.py" not found. Directory cannot be installed in editable mode: /u/home/m/mdistler/FALCON-integrate/pypeFLOW
make[2]: Leaving directory `/u/home/m/mdistler/FALCON-integrate/FALCON-make'
make[1]: Leaving directory `/u/home/m/mdistler/FALCON-integrate/FALCON-make'
